<?xml version="1.0" encoding="UTF-8"?>
<testng-results skipped="0" failed="0" total="1" passed="1">
  <reporter-output>
  </reporter-output>
  <suite name="RC Suite" duration-ms="99772" started-at="2018-04-26T10:22:17Z" finished-at="2018-04-26T10:23:57Z">
    <groups>
    </groups>
    <test name="RC Test" duration-ms="99772" started-at="2018-04-26T10:22:17Z" finished-at="2018-04-26T10:23:57Z">
      <class name="Test.Initiate">
        <test-method status="PASS" signature="Ini()[pri:0, instance:Test.Initiate@64bfbc86]" name="Ini" is-config="true" duration-ms="506" started-at="2018-04-26T15:52:17Z" finished-at="2018-04-26T15:52:17Z">
          <reporter-output>
          </reporter-output>
        </test-method> <!-- Ini -->
        <test-method status="PASS" signature="checkHome(java.lang.String, java.lang.String, java.lang.String)[pri:0, instance:Test.Initiate@64bfbc86]" name="checkHome" duration-ms="98633" started-at="2018-04-26T15:52:17Z" finished-at="2018-04-26T15:53:56Z">
          <params>
            <param index="0">
              <value>
                <![CDATA[FF]]>
              </value>
            </param>
            <param index="1">
              <value>
                <![CDATA[http://newpdp.rcdnb.com/company/logout]]>
              </value>
            </param>
            <param index="2">
              <value>
                <![CDATA[All Modules]]>
              </value>
            </param>
          </params>
          <reporter-output>
          </reporter-output>
        </test-method> <!-- checkHome -->
        <test-method status="PASS" signature="publishReport()[pri:0, instance:Test.Initiate@64bfbc86]" name="publishReport" is-config="true" duration-ms="607" started-at="2018-04-26T15:53:56Z" finished-at="2018-04-26T15:53:57Z">
          <reporter-output>
          </reporter-output>
        </test-method> <!-- publishReport -->
      </class> <!-- Test.Initiate -->
    </test> <!-- RC Test -->
  </suite> <!-- RC Suite -->
</testng-results>
